GAS LISTING initpic.s 			page 1


   1              		.text
   2              		.global initPIC
   3              	
   4              	        .equ    IRQ_BASE,   0x20        # lowest hw irq number
   5              	
   6              	        #------------------------------------------------------------------
   7              	        # Initialize PIC:
   8              	        # Configure standard 8259 programmable interrupt controller
   9              	        # to remap hardware irqs 0x0-0xf into the range 0x20-0x2f.
  10              	        .equ    PIC_MASTER, 0x20
  11              	        .equ    PIC_SLAVE,  0xa0
  12              	
  13              	        # Send ICWs (initialization control words) to initialize PIC.
  14              	        # TODO: Some sources suggest that there should be a delay between
  15              	        # each output byte ... but I don't see that in the datasheet ...
  16              	        .macro  initpic port, base, info, init
  17              	        movb    $0x11, %al
  18              	        outb    %al, $\port     # ICW1: Initialize + will be sending ICW4
  19              	
  20              	        movb    $\base, %al     # ICW2: Interrupt vector offset 
  21              	        outb    %al, $(\port+1)
  22              	
  23              	        movb    $\info, %al     # ICW3: master/slave info
  24              	        outb    %al, $(\port+1)
  25              	
  26              	        movb    $0x01, %al      # ICW4: 8086 mode
  27              	        outb    %al, $(\port+1)
  28              	
  29              	        movb    $\init, %al     # OCW1: set initial mask
  30              	        outb    %al, $(\port+1)
  31              	        .endm
  32              	
  33              	initPIC:initpic PIC_MASTER, IRQ_BASE,   0x04, 0xfb  # all but IRQ2 masked out
  33 0000 B011     	>  movb $0x11,%al
  33 0002 E620     	>  outb %al,$PIC_MASTER
  33              	> 
  33 0004 B020     	>  movb $IRQ_BASE,%al
  33 0006 E621     	>  outb %al,$(PIC_MASTER+1)
  33              	> 
  33 0008 B004     	>  movb $0x04,%al
  33 000a E621     	>  outb %al,$(PIC_MASTER+1)
  33              	> 
  33 000c B001     	>  movb $0x01,%al
  33 000e E621     	>  outb %al,$(PIC_MASTER+1)
  33              	> 
  33 0010 B0FB     	>  movb $0xfb,%al
  33 0012 E621     	>  outb %al,$(PIC_MASTER+1)
  34              	        initpic PIC_SLAVE,  IRQ_BASE+8, 0x02, 0xff
  34 0014 B011     	>  movb $0x11,%al
  34 0016 E6A0     	>  outb %al,$PIC_SLAVE
  34              	> 
  34 0018 B028     	>  movb $IRQ_BASE+8,%al
  34 001a E6A1     	>  outb %al,$(PIC_SLAVE+1)
  34              	> 
  34 001c B002     	>  movb $0x02,%al
  34 001e E6A1     	>  outb %al,$(PIC_SLAVE+1)
  34              	> 
GAS LISTING initpic.s 			page 2


  34 0020 B001     	>  movb $0x01,%al
  34 0022 E6A1     	>  outb %al,$(PIC_SLAVE+1)
  34              	> 
  34 0024 B0FF     	>  movb $0xff,%al
  34 0026 E6A1     	>  outb %al,$(PIC_SLAVE+1)
  35 0028 C3       		ret
  36              	
GAS LISTING initpic.s 			page 3


DEFINED SYMBOLS
           initpic.s:33     .text:0000000000000000 initPIC
           initpic.s:4      *ABS*:0000000000000020 IRQ_BASE
           initpic.s:10     *ABS*:0000000000000020 PIC_MASTER
           initpic.s:11     *ABS*:00000000000000a0 PIC_SLAVE

NO UNDEFINED SYMBOLS
